\BOOKMARK [1][-]{section.1}{\376\377\000I\000n\000t\000r\000o\000d\000u\000c\000c\000i\000\363\000n}{}% 1
\BOOKMARK [1][-]{section.2}{\376\377\000O\000b\000j\000e\000t\000i\000v\000o\000s}{}% 2
\BOOKMARK [1][-]{section.3}{\376\377\000J\000u\000s\000t\000i\000f\000i\000c\000a\000c\000i\000\363\000n}{}% 3
\BOOKMARK [1][-]{section.4}{\376\377\000M\000a\000r\000c\000o\000\040\000t\000e\000\363\000r\000i\000c\000o}{}% 4
\BOOKMARK [1][-]{section.5}{\376\377\000F\000o\000r\000m\000u\000l\000a\000c\000i\000\363\000n\000\040\000d\000e\000l\000\040\000p\000r\000o\000b\000l\000e\000m\000a}{}% 5
\BOOKMARK [1][-]{section.6}{\376\377\000M\000e\000t\000o\000d\000o\000l\000o\000g\000\355\000a}{}% 6
\BOOKMARK [2][-]{subsection.6.1}{\376\377\000R\000e\000c\000o\000l\000e\000c\000c\000i\000\363\000n\000\040\000d\000e\000\040\000d\000a\000t\000o\000s}{section.6}% 7
\BOOKMARK [2][-]{subsection.6.2}{\376\377\000A\000n\000\341\000l\000i\000s\000i\000s\000\040\000d\000e\000\040\000d\000a\000t\000o\000s}{section.6}% 8
\BOOKMARK [2][-]{subsection.6.3}{\376\377\000J\000u\000s\000t\000i\000f\000i\000c\000a\000c\000i\000\363\000n\000\040\000d\000e\000\040\000l\000a\000\040\000e\000l\000e\000c\000c\000i\000\363\000n\000\040\000d\000e\000l\000\040\000e\000n\000f\000o\000q\000u\000e\000\040\000a\000n\000a\000l\000\355\000t\000i\000c\000o}{section.6}% 9
\BOOKMARK [2][-]{subsection.6.4}{\376\377\000P\000r\000o\000c\000e\000d\000i\000m\000i\000e\000n\000t\000o\000\040\000a\000n\000a\000l\000\355\000t\000i\000c\000o}{section.6}% 10
\BOOKMARK [2][-]{subsection.6.5}{\376\377\000L\000i\000m\000i\000t\000a\000c\000i\000o\000n\000e\000s\000\040\000d\000e\000l\000\040\000e\000n\000f\000o\000q\000u\000e}{section.6}% 11
\BOOKMARK [1][-]{section.7}{\376\377\000R\000e\000s\000u\000l\000t\000a\000d\000o\000s}{}% 12
\BOOKMARK [2][-]{subsection.7.1}{\376\377\000I\000n\000t\000r\000o\000d\000u\000c\000c\000i\000\363\000n\000\040\000a\000\040\000l\000o\000s\000\040\000r\000e\000s\000u\000l\000t\000a\000d\000o\000s}{section.7}% 13
\BOOKMARK [2][-]{subsection.7.2}{\376\377\000P\000r\000e\000s\000e\000n\000t\000a\000c\000i\000\363\000n\000\040\000e\000s\000t\000r\000u\000c\000t\000u\000r\000a\000d\000a\000\040\000d\000e\000\040\000l\000o\000s\000\040\000h\000a\000l\000l\000a\000z\000g\000o\000s}{section.7}% 14
\BOOKMARK [2][-]{subsection.7.3}{\376\377\000U\000s\000o\000\040\000d\000e\000\040\000f\000i\000g\000u\000r\000a\000s\000\040\000y\000\040\000t\000a\000b\000l\000a\000s}{section.7}% 15
\BOOKMARK [2][-]{subsection.7.4}{\376\377\000C\000o\000m\000p\000a\000r\000a\000c\000i\000o\000n\000e\000s}{section.7}% 16
\BOOKMARK [2][-]{subsection.7.5}{\376\377\000R\000e\000s\000u\000m\000e\000n\000\040\000d\000e\000\040\000r\000e\000s\000u\000l\000t\000a\000d\000o\000s}{section.7}% 17
\BOOKMARK [1][-]{section.8}{\376\377\000D\000i\000s\000c\000u\000s\000i\000o\000n}{}% 18
\BOOKMARK [1][-]{section.9}{\376\377\000C\000o\000n\000c\000l\000u\000s\000i\000o\000n\000e\000s}{}% 19
\BOOKMARK [2][-]{subsection.9.1}{\376\377\000R\000e\000s\000u\000m\000e\000n\000\040\000d\000e\000\040\000l\000o\000s\000\040\000h\000a\000l\000l\000a\000z\000g\000o\000s\000\040\000p\000r\000i\000n\000c\000i\000p\000a\000l\000e\000s\000:}{section.9}% 20
\BOOKMARK [2][-]{subsection.9.2}{\376\377\000R\000e\000l\000e\000v\000a\000n\000c\000i\000a\000\040\000t\000e\000\363\000r\000i\000c\000a\000\040\000y\000\040\000p\000r\000\341\000c\000t\000i\000c\000a\000\040\000d\000e\000\040\000l\000o\000s\000\040\000r\000e\000s\000u\000l\000t\000a\000d\000o\000s\000:}{section.9}% 21
\BOOKMARK [2][-]{subsection.9.3}{\376\377\000R\000e\000l\000e\000v\000a\000n\000c\000i\000a\000\040\000p\000a\000r\000a\000\040\000e\000l\000\040\000c\000a\000m\000p\000o\000\040\000d\000e\000\040\000e\000s\000t\000u\000d\000i\000o\000:}{section.9}% 22
\BOOKMARK [2][-]{subsection.9.4}{\376\377\000S\000\355\000n\000t\000e\000s\000i\000s\000\040\000y\000\040\000r\000e\000l\000e\000v\000a\000n\000c\000i\000a\000\040\000d\000e\000l\000\040\000e\000s\000t\000u\000d\000i\000o\000:}{section.9}% 23
\BOOKMARK [1][-]{section.10}{\376\377\000R\000e\000c\000o\000m\000e\000n\000d\000a\000c\000i\000o\000n\000e\000s}{}% 24
\BOOKMARK [1][-]{section.11}{\376\377\000R\000e\000f\000e\000r\000e\000n\000c\000i\000a\000s}{}% 25
\BOOKMARK [1][-]{section.12}{\376\377\000A\000n\000e\000x\000o\000s}{}% 26
